<?xml version="1.0" encoding="UTF-8"?>
<!-- Generated by org.testng.reporters.JUnitReportReporter -->
<testsuite hostname="PORTABLEONE" name="dataDriven.dataProvider.DataProviderExampleTest" tests="3" failures="1" timestamp="27 Jun 2016 05:51:21 GMT" time="0.009" errors="0">
  <testcase name="usingAnnotations" time="0.008" classname="dataDriven.dataProvider.DataProviderExampleTest"/>
  <testcase name="usingXMLFile" time="0.000" classname="dataDriven.dataProvider.DataProviderExampleTest">
    <failure type="org.testng.TestNGException" message="
Parameter &#039;param1&#039; is required by @Test on method usingXMLFile but has not been marked @Optional or defined
in C:\Users\moort\AppData\Local\Temp\testng-eclipse--176751245\testng-customsuite.xml">
      <![CDATA[org.testng.TestNGException: 
Parameter 'param1' is required by @Test on method usingXMLFile but has not been marked @Optional or defined
in C:\Users\moort\AppData\Local\Temp\testng-eclipse--176751245\testng-customsuite.xml
	at org.testng.internal.Parameters.createParameters(Parameters.java:155)
	at org.testng.internal.Parameters.createParameters(Parameters.java:355)
	at org.testng.internal.Parameters.handleParameters(Parameters.java:447)
	at org.testng.internal.Invoker.handleParameters(Invoker.java:1383)
	at org.testng.internal.Invoker.createParameters(Invoker.java:1075)
	at org.testng.internal.Invoker.invokeTestMethods(Invoker.java:1180)
	at org.testng.internal.TestMethodWorker.invokeTestMethods(TestMethodWorker.java:127)
	at org.testng.internal.TestMethodWorker.run(TestMethodWorker.java:111)
	at org.testng.TestRunner.privateRun(TestRunner.java:767)
	at org.testng.TestRunner.run(TestRunner.java:617)
	at org.testng.SuiteRunner.runTest(SuiteRunner.java:334)
	at org.testng.SuiteRunner.runSequentially(SuiteRunner.java:329)
	at org.testng.SuiteRunner.privateRun(SuiteRunner.java:291)
	at org.testng.SuiteRunner.run(SuiteRunner.java:240)
	at org.testng.SuiteRunnerWorker.runSuite(SuiteRunnerWorker.java:52)
	at org.testng.SuiteRunnerWorker.run(SuiteRunnerWorker.java:86)
	at org.testng.TestNG.runSuitesSequentially(TestNG.java:1198)
	at org.testng.TestNG.runSuitesLocally(TestNG.java:1123)
	at org.testng.TestNG.run(TestNG.java:1031)
	at org.testng.remote.AbstractRemoteTestNG.run(AbstractRemoteTestNG.java:126)
	at org.testng.remote.RemoteTestNG.initAndRun(RemoteTestNG.java:137)
	at org.testng.remote.RemoteTestNG.main(RemoteTestNG.java:58)
]]>
    </failure>
  </testcase> <!-- usingXMLFile -->
  <testcase name="usingAnnotations" time="0.001" classname="dataDriven.dataProvider.DataProviderExampleTest"/>
</testsuite> <!-- dataDriven.dataProvider.DataProviderExampleTest -->
